<?xml version="1.0" encoding="UTF-8"?>
<testng-results ignored="0" total="1" passed="0" failed="1" skipped="0">
  <reporter-output>
  </reporter-output>
  <suite started-at="2024-06-13T22:36:35 GMT-07:00" name="Default suite" finished-at="2024-06-13T22:37:22 GMT-07:00" duration-ms="46996">
    <groups>
      <group name="cucumber">
        <method signature="AbstractTestNGCucumberTests.runScenario(io.cucumber.testng.PickleWrapper,io.cucumber.testng.FeatureWrapper)[pri:0, instance:CucumberProjectRunner.failedScenario@37ceb1df]" name="runScenario" class="io.cucumber.testng.AbstractTestNGCucumberTests"/>
      </group> <!-- cucumber -->
    </groups>
    <test started-at="2024-06-13T22:36:35 GMT-07:00" name="Default test" finished-at="2024-06-13T22:37:22 GMT-07:00" duration-ms="46996">
      <class name="CucumberProjectRunner.failedScenario">
        <test-method is-config="true" signature="setUpClass(org.testng.ITestContext)[pri:0, instance:CucumberProjectRunner.failedScenario@37ceb1df]" started-at="2024-06-13T22:36:35 GMT-07:00" name="setUpClass" finished-at="2024-06-13T22:36:39 GMT-07:00" duration-ms="3420" status="PASS">
          <params>
            <param index="0">
              <value>
                <![CDATA[org.testng.TestRunner@7d3fb0ef]]>
              </value>
            </param>
          </params>
          <reporter-output>
          </reporter-output>
        </test-method> <!-- setUpClass -->
        <test-method signature="runScenario(io.cucumber.testng.PickleWrapper,io.cucumber.testng.FeatureWrapper)[pri:0, instance:CucumberProjectRunner.failedScenario@37ceb1df]" started-at="2024-06-13T22:36:39 GMT-07:00" name="runScenario" description="Runs Cucumber Scenarios" data-provider="scenarios" finished-at="2024-06-13T22:37:15 GMT-07:00" duration-ms="36325" status="FAIL">
          <params>
            <param index="0">
              <value>
                <![CDATA["Search experience of user in both home and deals page should be same"]]>
              </value>
            </param>
            <param index="1">
              <value>
                <![CDATA["Search and place order for Products"]]>
              </value>
            </param>
          </params>
          <exception class="java.lang.AssertionError">
            <message>
              <![CDATA[expected [Beetroot] but found [No data]]]>
            </message>
            <full-stacktrace>
              <![CDATA[java.lang.AssertionError: expected [Beetroot] but found [No data]
at org.testng.Assert.fail(Assert.java:110)
at org.testng.Assert.failNotEquals(Assert.java:1577)
at org.testng.Assert.assertEqualsImpl(Assert.java:149)
at org.testng.Assert.assertEquals(Assert.java:131)
at org.testng.Assert.assertEquals(Assert.java:655)
at org.testng.Assert.assertEquals(Assert.java:665)
at CucumberProjectStepDef.OfferPageStepDef.validate_offersPage_prod_name_validates_with_ProductPageprodname(OfferPageStepDef.java:51)
at âœ½.validate offersPage prod name validates with ProductPage prod name(file:///F:/2024/EcommerceProject/Ecommerce/src/test/java/CucumberProjectFeatures/SearchProduct.feature:19)
]]>
            </full-stacktrace>
          </exception> <!-- java.lang.AssertionError -->
          <reporter-output>
          </reporter-output>
        </test-method> <!-- runScenario -->
        <test-method is-config="true" signature="tearDownClass()[pri:0, instance:CucumberProjectRunner.failedScenario@37ceb1df]" started-at="2024-06-13T22:37:15 GMT-07:00" name="tearDownClass" finished-at="2024-06-13T22:37:22 GMT-07:00" duration-ms="7096" status="PASS">
          <reporter-output>
          </reporter-output>
        </test-method> <!-- tearDownClass -->
      </class> <!-- CucumberProjectRunner.failedScenario -->
    </test> <!-- Default test -->
  </suite> <!-- Default suite -->
</testng-results>
